[2018-05-29 11:20:24] (ERROR @ C:\OSPanel\domains\LandingNerds.modx\core\model\modx\modcachemanager.class.php : 344) Error caching lexicon topic lexicon/ru/batcher/default
[2018-05-29 11:22:34] (ERROR @ C:\OSPanel\domains\LandingNerds.modx\core\model\modx\modcachemanager.class.php : 344) Error caching lexicon topic lexicon/ru/core/default
[2018-05-29 11:26:19] (ERROR @ C:\OSPanel\domains\LandingNerds.modx\core\model\modx\modcachemanager.class.php : 344) Error caching lexicon topic lexicon/ru/core/default
[2018-05-29 11:27:41] (ERROR @ C:\OSPanel\domains\LandingNerds.modx\core\model\modx\modcachemanager.class.php : 344) Error caching lexicon topic lexicon/en/clientconfig/default
[2018-05-29 11:35:18] (ERROR @ C:\OSPanel\domains\LandingNerds.modx\core\model\modx\modcachemanager.class.php : 344) Error caching lexicon topic lexicon/en/core/default
[2018-05-29 11:38:22] (ERROR @ C:\OSPanel\domains\LandingNerds.modx\core\model\modx\modcachemanager.class.php : 344) Error caching lexicon topic lexicon/ru/clientconfig/default
[2018-05-29 11:38:22] (ERROR @ C:\OSPanel\domains\LandingNerds.modx\core\model\modx\modcachemanager.class.php : 344) Error caching lexicon topic lexicon/ru/core/default
[2018-05-29 11:41:20] (ERROR @ C:\OSPanel\domains\LandingNerds.modx\core\model\modx\modcachemanager.class.php : 344) Error caching lexicon topic lexicon/en/clientconfig/default
[2018-05-29 11:41:20] (ERROR @ C:\OSPanel\domains\LandingNerds.modx\core\model\modx\modcachemanager.class.php : 344) Error caching lexicon topic lexicon/ru/core/default
[2018-05-29 11:58:29] (ERROR @ C:\OSPanel\domains\LandingNerds.modx\core\model\modx\modcachemanager.class.php : 509) Error caching script elements/modplugin/3
[2018-05-29 11:58:29] (ERROR @ C:\OSPanel\domains\LandingNerds.modx\core\model\modx\modcachemanager.class.php : 344) Error caching lexicon topic lexicon/ru/core/default
[2018-05-29 11:59:02] (ERROR @ C:\OSPanel\domains\LandingNerds.modx\core\model\modx\modcachemanager.class.php : 344) Error caching lexicon topic lexicon/ru/core/default
[2018-05-29 12:02:09] (ERROR @ C:\OSPanel\domains\LandingNerds.modx\core\model\modx\modcachemanager.class.php : 344) Error caching lexicon topic lexicon/ru/clientconfig/default
[2018-05-29 12:02:09] (ERROR @ C:\OSPanel\domains\LandingNerds.modx\core\model\modx\modcachemanager.class.php : 344) Error caching lexicon topic lexicon/ru/core/default
[2018-05-29 12:17:53] (ERROR @ C:\OSPanel\domains\LandingNerds.modx\core\model\modx\modcachemanager.class.php : 344) Error caching lexicon topic lexicon/ru/core/default
[2018-05-29 12:21:11] (ERROR @ C:\OSPanel\domains\LandingNerds.modx\core\model\modx\modcachemanager.class.php : 394) Error caching action map mgr/actions
[2018-05-29 12:26:31] (ERROR @ C:\OSPanel\domains\LandingNerds.modx\core\model\modx\modprocessor.class.php : 256) Processor failed creating output array due to JSON error 5
[2018-05-29 12:31:32] (ERROR @ C:\OSPanel\domains\LandingNerds.modx\core\model\modx\modcachemanager.class.php : 344) Error caching lexicon topic lexicon/ru/clientconfig/default
[2018-05-29 12:32:21] (ERROR @ C:\OSPanel\domains\LandingNerds.modx\core\model\modx\modcachemanager.class.php : 509) Error caching script elements/modplugin/3
[2018-05-29 12:32:21] (ERROR @ C:\OSPanel\domains\LandingNerds.modx\core\model\modx\modcachemanager.class.php : 344) Error caching lexicon topic lexicon/en/core/default
[2018-05-29 12:32:24] (ERROR @ C:\OSPanel\domains\LandingNerds.modx\core\model\modx\modparser.class.php : 540) Could not find snippet with name price--list.
[2018-05-29 12:32:25] (ERROR @ C:\OSPanel\domains\LandingNerds.modx\core\model\modx\modparser.class.php : 540) Could not find snippet with name price--list.
[2018-05-29 12:32:25] (ERROR @ C:\OSPanel\domains\LandingNerds.modx\core\model\modx\modparser.class.php : 540) Could not find snippet with name price--list.
[2018-05-29 12:32:25] (ERROR @ C:\OSPanel\domains\LandingNerds.modx\core\model\modx\modparser.class.php : 540) Could not find snippet with name price--list.
[2018-05-29 12:32:25] (ERROR @ C:\OSPanel\domains\LandingNerds.modx\core\model\modx\modparser.class.php : 540) Could not find snippet with name price--list.
[2018-05-29 12:32:25] (ERROR @ C:\OSPanel\domains\LandingNerds.modx\core\model\modx\modparser.class.php : 540) Could not find snippet with name price--list.
[2018-05-29 12:32:25] (ERROR @ C:\OSPanel\domains\LandingNerds.modx\core\model\modx\modparser.class.php : 540) Could not find snippet with name price--list.
[2018-05-29 12:32:25] (ERROR @ C:\OSPanel\domains\LandingNerds.modx\core\model\modx\modparser.class.php : 540) Could not find snippet with name price--list.
[2018-05-29 12:32:25] (ERROR @ C:\OSPanel\domains\LandingNerds.modx\core\model\modx\modparser.class.php : 540) Could not find snippet with name price--list.
[2018-05-29 12:32:25] (ERROR @ C:\OSPanel\domains\LandingNerds.modx\core\model\modx\modparser.class.php : 540) Could not find snippet with name price--list.
[2018-05-29 12:32:25] (ERROR @ C:\OSPanel\domains\LandingNerds.modx\core\model\modx\modparser.class.php : 540) Could not find snippet with name price--list.
[2018-05-29 12:32:25] (ERROR @ C:\OSPanel\domains\LandingNerds.modx\core\model\modx\modparser.class.php : 540) Could not find snippet with name price--list.
[2018-05-29 12:32:25] (ERROR @ C:\OSPanel\domains\LandingNerds.modx\core\model\modx\modparser.class.php : 540) Could not find snippet with name price--list.
[2018-05-29 12:32:25] (ERROR @ C:\OSPanel\domains\LandingNerds.modx\core\model\modx\modparser.class.php : 540) Could not find snippet with name price--list.
[2018-05-29 12:32:25] (ERROR @ C:\OSPanel\domains\LandingNerds.modx\core\model\modx\modparser.class.php : 540) Could not find snippet with name price--list.
[2018-05-29 12:32:25] (ERROR @ C:\OSPanel\domains\LandingNerds.modx\core\model\modx\modparser.class.php : 540) Could not find snippet with name price--list.
[2018-05-29 12:32:25] (ERROR @ C:\OSPanel\domains\LandingNerds.modx\core\model\modx\modparser.class.php : 540) Could not find snippet with name price--list.
[2018-05-29 12:32:25] (ERROR @ C:\OSPanel\domains\LandingNerds.modx\core\model\modx\modparser.class.php : 540) Could not find snippet with name price--list.
[2018-05-29 12:32:25] (ERROR @ C:\OSPanel\domains\LandingNerds.modx\core\model\modx\modparser.class.php : 540) Could not find snippet with name price--list.
[2018-05-29 12:32:25] (ERROR @ C:\OSPanel\domains\LandingNerds.modx\core\model\modx\modparser.class.php : 540) Could not find snippet with name price--list.
[2018-05-29 12:32:25] (ERROR @ C:\OSPanel\domains\LandingNerds.modx\core\model\modx\modparser.class.php : 540) Could not find snippet with name price--list.
[2018-05-29 12:32:34] (ERROR @ C:\OSPanel\domains\LandingNerds.modx\core\model\modx\modcachemanager.class.php : 344) Error caching lexicon topic lexicon/en/core/default
[2018-05-29 12:34:15] (ERROR @ C:\OSPanel\domains\LandingNerds.modx\core\model\modx\modcachemanager.class.php : 394) Error caching action map mgr/actions
[2018-05-29 12:42:15] (ERROR @ C:\OSPanel\domains\LandingNerds.modx\core\model\modx\modcachemanager.class.php : 344) Error caching lexicon topic lexicon/en/clientconfig/default
[2018-05-29 12:42:15] (ERROR @ C:\OSPanel\domains\LandingNerds.modx\core\model\modx\modcachemanager.class.php : 344) Error caching lexicon topic lexicon/ru/core/default
[2018-05-29 12:47:07] (ERROR @ C:\OSPanel\domains\LandingNerds.modx\core\model\modx\modcachemanager.class.php : 344) Error caching lexicon topic lexicon/ru/core/default
[2018-05-29 12:47:21] (ERROR @ C:\OSPanel\domains\LandingNerds.modx\core\model\modx\modcachemanager.class.php : 344) Error caching lexicon topic lexicon/ru/core/resource
[2018-05-29 12:49:47] (ERROR @ C:\OSPanel\domains\LandingNerds.modx\core\model\modx\modcachemanager.class.php : 344) Error caching lexicon topic lexicon/ru/core/default
[2018-05-29 12:52:11] (ERROR @ C:\OSPanel\domains\LandingNerds.modx\core\model\modx\modcachemanager.class.php : 344) Error caching lexicon topic lexicon/en/clientconfig/default
[2018-05-29 13:32:43] (ERROR @ C:\OSPanel\domains\LandingNerds.modx\core\model\modx\modcachemanager.class.php : 344) Error caching lexicon topic lexicon/ru/core/default
